*********************************************************************
Spectrum LCDSmartie Plugin by Dave Perrow 8th March 2012
SPC plugin version 1.2.231.1268
Log file Opened at 12/01/22 13:33:49
*********************************************************************
13:33:49.401 Log file Opened at 12/01/22 13:33:49
13:33:49.401 OS = 6.2
13:33:49.401 SPC_read_cfg_file: Started
13:33:49.401 SPC_read_cfg_file: File Opened
13:33:49.401 SPC_read_cfg_file: AudioDevice=0
13:33:49.401 SPC_read_cfg_file: AudioInput=0
13:33:49.401 SPC_read_cfg_file: Scaling=1.000000
13:33:49.401 SPC_read_cfg_file: UseWasapi=1
13:33:49.401 SPC_read_cfg_file: BlackChar=0
13:33:49.401 SPC_read_cfg_file: BottomLine=0
13:33:49.401 SPC_read_cfg_file: AutoScale=1
13:33:49.401 SPC_read_cfg_file: MaxScale=3.000000
13:33:49.401 SPC_read_cfg_file: MinScale=0.100000
13:33:49.401 SPC_read_cfg_file: UpFactor=0.010000
13:33:49.401 SPC_read_cfg_file: DownFactor=0.010000
13:33:49.401 SPC_read_cfg_file: ScaleBar=0
13:33:49.401 SPC_read_cfg_file: Finished
13:33:49.515 SPC_init entry=0, type=9, mixfreq=0, mixchans=0, flags=0, name=Digital Output (3- AMD High Definition Audio Device) [BASS_WASAPI_TYPE_HDMI]
13:33:49.518 SPC_init entry=1, type=9, mixfreq=0, mixchans=0, flags=26, name=Digital Output (3- AMD High Definition Audio Device)[Default][Input][Loopback] [BASS_WASAPI_TYPE_HDMI]
13:33:49.520 SPC_init entry=2, type=9, mixfreq=0, mixchans=0, flags=0, name=Digital Audio (HDMI) (High Definition Audio Device) [BASS_WASAPI_TYPE_HDMI]
13:33:49.523 SPC_init entry=3, type=9, mixfreq=0, mixchans=0, flags=24, name=Digital Audio (HDMI) (High Definition Audio Device)[Input][Loopback] [BASS_WASAPI_TYPE_HDMI]
13:33:49.526 SPC_init entry=4, type=9, mixfreq=0, mixchans=0, flags=0, name=Digital Output (AMD High Definition Audio Device) [BASS_WASAPI_TYPE_HDMI]
13:33:49.528 SPC_init entry=5, type=9, mixfreq=0, mixchans=0, flags=24, name=Digital Output (AMD High Definition Audio Device)[Input][Loopback] [BASS_WASAPI_TYPE_HDMI]
13:33:49.531 SPC_init entry=6, type=10, mixfreq=0, mixchans=0, flags=0, name=Internal AUX Jack (High Definition Audio Device) [BASS_WASAPI_TYPE_UNKNOWN]
13:33:49.533 SPC_init entry=7, type=10, mixfreq=0, mixchans=0, flags=24, name=Internal AUX Jack (High Definition Audio Device)[Input][Loopback] [BASS_WASAPI_TYPE_UNKNOWN]
13:33:49.536 SPC_init entry=8, type=9, mixfreq=0, mixchans=0, flags=0, name=Digital Output (2- AMD High Definition Audio Device) [BASS_WASAPI_TYPE_HDMI]
13:33:49.538 SPC_init entry=9, type=9, mixfreq=0, mixchans=0, flags=24, name=Digital Output (2- AMD High Definition Audio Device)[Input][Loopback] [BASS_WASAPI_TYPE_HDMI]
13:33:49.541 SPC_init entry=10, type=3, mixfreq=0, mixchans=0, flags=0, name=Headphones (High Definition Audio Device) [BASS_WASAPI_TYPE_HEADPHONES]
13:33:49.543 SPC_init entry=11, type=3, mixfreq=0, mixchans=0, flags=24, name=Headphones (High Definition Audio Device)[Input][Loopback] [BASS_WASAPI_TYPE_HEADPHONES]
13:33:49.547 SPC_init entry=12, type=3, mixfreq=48000, mixchans=2, flags=3, name=Headphone (VIA HD Audio(Win8))[Enabled][Default] [BASS_WASAPI_TYPE_HEADPHONES]
13:33:49.550 SPC_init entry=13, type=3, mixfreq=48000, mixchans=2, flags=25, name=Headphone (VIA HD Audio(Win8))[Enabled][Input][Loopback] [BASS_WASAPI_TYPE_HEADPHONES]
13:33:49.553 SPC_init entry=14, type=9, mixfreq=0, mixchans=0, flags=0, name=Digital Output (2- AMD High Definition Audio Device) [BASS_WASAPI_TYPE_HDMI]
13:33:49.555 SPC_init entry=15, type=9, mixfreq=0, mixchans=0, flags=24, name=Digital Output (2- AMD High Definition Audio Device)[Input][Loopback] [BASS_WASAPI_TYPE_HDMI]
13:33:49.558 SPC_init entry=16, type=9, mixfreq=0, mixchans=0, flags=0, name=Digital Output (AMD High Definition Audio Device) [BASS_WASAPI_TYPE_HDMI]
13:33:49.560 SPC_init entry=17, type=9, mixfreq=0, mixchans=0, flags=24, name=Digital Output (AMD High Definition Audio Device)[Input][Loopback] [BASS_WASAPI_TYPE_HDMI]
13:33:49.563 SPC_init entry=18, type=9, mixfreq=0, mixchans=0, flags=0, name=Digital Audio (HDMI) (High Definition Audio Device) [BASS_WASAPI_TYPE_HDMI]
13:33:49.566 SPC_init entry=19, type=9, mixfreq=0, mixchans=0, flags=24, name=Digital Audio (HDMI) (High Definition Audio Device)[Input][Loopback] [BASS_WASAPI_TYPE_HDMI]
13:33:49.568 SPC_init entry=20, type=8, mixfreq=0, mixchans=0, flags=0, name=Digital Audio (S/PDIF) (High Definition Audio Device) [BASS_WASAPI_TYPE_SPDIF]
13:33:49.571 SPC_init entry=21, type=8, mixfreq=0, mixchans=0, flags=24, name=Digital Audio (S/PDIF) (High Definition Audio Device)[Input][Loopback] [BASS_WASAPI_TYPE_SPDIF]
13:33:49.573 SPC_init entry=22, type=9, mixfreq=0, mixchans=0, flags=0, name=Digital Audio (HDMI) (High Definition Audio Device) [BASS_WASAPI_TYPE_HDMI]
13:33:49.576 SPC_init entry=23, type=9, mixfreq=0, mixchans=0, flags=24, name=Digital Audio (HDMI) (High Definition Audio Device)[Input][Loopback] [BASS_WASAPI_TYPE_HDMI]
13:33:49.580 SPC_init entry=24, type=8, mixfreq=48000, mixchans=2, flags=1, name=SPDIF Interface (TX1) (VIA HD Audio(Win8))[Enabled] [BASS_WASAPI_TYPE_SPDIF]
13:33:49.583 SPC_init entry=25, type=8, mixfreq=48000, mixchans=2, flags=25, name=SPDIF Interface (TX1) (VIA HD Audio(Win8))[Enabled][Input][Loopback] [BASS_WASAPI_TYPE_SPDIF]
13:33:49.586 SPC_init entry=26, type=1, mixfreq=48000, mixchans=2, flags=1, name=Speakers (VIA HD Audio(Win8))[Enabled] [BASS_WASAPI_TYPE_SPEAKERS]
13:33:49.589 SPC_init entry=27, type=1, mixfreq=48000, mixchans=2, flags=25, name=Speakers (VIA HD Audio(Win8))[Enabled][Input][Loopback] [BASS_WASAPI_TYPE_SPEAKERS]
13:33:49.592 SPC_init entry=28, type=9, mixfreq=0, mixchans=0, flags=0, name=Digital Audio (HDMI) (High Definition Audio Device) [BASS_WASAPI_TYPE_HDMI]
13:33:49.594 SPC_init entry=29, type=9, mixfreq=0, mixchans=0, flags=24, name=Digital Audio (HDMI) (High Definition Audio Device)[Input][Loopback] [BASS_WASAPI_TYPE_HDMI]
13:33:49.597 SPC_init entry=30, type=9, mixfreq=0, mixchans=0, flags=0, name=Digital Output (2- AMD High Definition Audio Device) [BASS_WASAPI_TYPE_HDMI]
13:33:49.600 SPC_init entry=31, type=9, mixfreq=0, mixchans=0, flags=24, name=Digital Output (2- AMD High Definition Audio Device)[Input][Loopback] [BASS_WASAPI_TYPE_HDMI]
13:33:49.603 SPC_init entry=32, type=9, mixfreq=0, mixchans=0, flags=0, name=Digital Output (3- AMD High Definition Audio Device) [BASS_WASAPI_TYPE_HDMI]
13:33:49.605 SPC_init entry=33, type=9, mixfreq=0, mixchans=0, flags=24, name=Digital Output (3- AMD High Definition Audio Device)[Input][Loopback] [BASS_WASAPI_TYPE_HDMI]
13:33:49.608 SPC_init entry=34, type=8, mixfreq=0, mixchans=0, flags=0, name=Digital Audio (S/PDIF) (High Definition Audio Device) [BASS_WASAPI_TYPE_SPDIF]
13:33:49.610 SPC_init entry=35, type=8, mixfreq=0, mixchans=0, flags=24, name=Digital Audio (S/PDIF) (High Definition Audio Device)[Input][Loopback] [BASS_WASAPI_TYPE_SPDIF]
13:33:49.613 SPC_init entry=36, type=9, mixfreq=0, mixchans=0, flags=0, name=Digital Output (AMD High Definition Audio Device) [BASS_WASAPI_TYPE_HDMI]
13:33:49.615 SPC_init entry=37, type=9, mixfreq=0, mixchans=0, flags=24, name=Digital Output (AMD High Definition Audio Device)[Input][Loopback] [BASS_WASAPI_TYPE_HDMI]
13:33:49.618 SPC_init entry=38, type=9, mixfreq=0, mixchans=0, flags=0, name=Digital Output (3- AMD High Definition Audio Device) [BASS_WASAPI_TYPE_HDMI]
13:33:49.620 SPC_init entry=39, type=9, mixfreq=0, mixchans=0, flags=24, name=Digital Output (3- AMD High Definition Audio Device)[Input][Loopback] [BASS_WASAPI_TYPE_HDMI]
13:33:49.623 SPC_init entry=40, type=9, mixfreq=0, mixchans=0, flags=0, name=Digital Output (2- AMD High Definition Audio Device) [BASS_WASAPI_TYPE_HDMI]
13:33:49.625 SPC_init entry=41, type=9, mixfreq=0, mixchans=0, flags=24, name=Digital Output (2- AMD High Definition Audio Device)[Input][Loopback] [BASS_WASAPI_TYPE_HDMI]
13:33:49.628 SPC_init entry=42, type=9, mixfreq=0, mixchans=0, flags=0, name=Digital Output (AMD High Definition Audio Device) [BASS_WASAPI_TYPE_HDMI]
13:33:49.630 SPC_init entry=43, type=9, mixfreq=0, mixchans=0, flags=24, name=Digital Output (AMD High Definition Audio Device)[Input][Loopback] [BASS_WASAPI_TYPE_HDMI]
13:33:49.633 SPC_init entry=44, type=9, mixfreq=0, mixchans=0, flags=0, name=Digital Audio (HDMI) (High Definition Audio Device) [BASS_WASAPI_TYPE_HDMI]
13:33:49.635 SPC_init entry=45, type=9, mixfreq=0, mixchans=0, flags=24, name=Digital Audio (HDMI) (High Definition Audio Device)[Input][Loopback] [BASS_WASAPI_TYPE_HDMI]
13:33:49.638 SPC_init entry=46, type=9, mixfreq=0, mixchans=0, flags=0, name=Digital Output (2- AMD High Definition Audio Device) [BASS_WASAPI_TYPE_HDMI]
13:33:49.640 SPC_init entry=47, type=9, mixfreq=0, mixchans=0, flags=24, name=Digital Output (2- AMD High Definition Audio Device)[Input][Loopback] [BASS_WASAPI_TYPE_HDMI]
13:33:49.643 SPC_init entry=48, type=9, mixfreq=0, mixchans=0, flags=0, name=Digital Output (Intel WiDi Audio Device) [BASS_WASAPI_TYPE_HDMI]
13:33:49.645 SPC_init entry=49, type=9, mixfreq=0, mixchans=0, flags=24, name=Digital Output (Intel WiDi Audio Device)[Input][Loopback] [BASS_WASAPI_TYPE_HDMI]
13:33:49.648 SPC_init entry=50, type=9, mixfreq=0, mixchans=0, flags=0, name=Digital Output (AMD High Definition Audio Device) [BASS_WASAPI_TYPE_HDMI]
13:33:49.650 SPC_init entry=51, type=9, mixfreq=0, mixchans=0, flags=24, name=Digital Output (AMD High Definition Audio Device)[Input][Loopback] [BASS_WASAPI_TYPE_HDMI]
13:33:49.654 SPC_init entry=52, type=8, mixfreq=48000, mixchans=2, flags=1, name=SPDIF Interface (TX0) (VIA HD Audio(Win8))[Enabled] [BASS_WASAPI_TYPE_SPDIF]
13:33:49.656 SPC_init entry=53, type=8, mixfreq=48000, mixchans=2, flags=25, name=SPDIF Interface (TX0) (VIA HD Audio(Win8))[Enabled][Input][Loopback] [BASS_WASAPI_TYPE_SPDIF]
13:33:49.659 SPC_init entry=54, type=9, mixfreq=0, mixchans=0, flags=0, name=Digital Audio (HDMI) (High Definition Audio Device) [BASS_WASAPI_TYPE_HDMI]
13:33:49.662 SPC_init entry=55, type=9, mixfreq=0, mixchans=0, flags=24, name=Digital Audio (HDMI) (High Definition Audio Device)[Input][Loopback] [BASS_WASAPI_TYPE_HDMI]
13:33:49.664 SPC_init entry=56, type=10, mixfreq=0, mixchans=0, flags=0, name=Internal AUX Jack (MIDI function) [BASS_WASAPI_TYPE_UNKNOWN]
13:33:49.666 SPC_init entry=57, type=10, mixfreq=0, mixchans=0, flags=24, name=Internal AUX Jack (MIDI function)[Input][Loopback] [BASS_WASAPI_TYPE_UNKNOWN]
13:33:49.669 SPC_init entry=58, type=9, mixfreq=0, mixchans=0, flags=0, name=Digital Output (3- AMD High Definition Audio Device) [BASS_WASAPI_TYPE_HDMI]
13:33:49.671 SPC_init entry=59, type=9, mixfreq=0, mixchans=0, flags=24, name=Digital Output (3- AMD High Definition Audio Device)[Input][Loopback] [BASS_WASAPI_TYPE_HDMI]
13:33:49.674 SPC_init entry=60, type=9, mixfreq=0, mixchans=0, flags=0, name=Digital Output (2- Intel WiDi Audio Device) [BASS_WASAPI_TYPE_HDMI]
13:33:49.676 SPC_init entry=61, type=9, mixfreq=0, mixchans=0, flags=24, name=Digital Output (2- Intel WiDi Audio Device)[Input][Loopback] [BASS_WASAPI_TYPE_HDMI]
13:33:49.679 SPC_init entry=62, type=9, mixfreq=0, mixchans=0, flags=0, name=Digital Output (2- AMD High Definition Audio Device) [BASS_WASAPI_TYPE_HDMI]
13:33:49.681 SPC_init entry=63, type=9, mixfreq=0, mixchans=0, flags=24, name=Digital Output (2- AMD High Definition Audio Device)[Input][Loopback] [BASS_WASAPI_TYPE_HDMI]
13:33:49.684 SPC_init entry=64, type=9, mixfreq=0, mixchans=0, flags=0, name=Digital Output (3- AMD High Definition Audio Device) [BASS_WASAPI_TYPE_HDMI]
13:33:49.686 SPC_init entry=65, type=9, mixfreq=0, mixchans=0, flags=24, name=Digital Output (3- AMD High Definition Audio Device)[Input][Loopback] [BASS_WASAPI_TYPE_HDMI]
13:33:49.689 SPC_init entry=66, type=9, mixfreq=0, mixchans=0, flags=0, name=Digital Output (AMD High Definition Audio Device) [BASS_WASAPI_TYPE_HDMI]
13:33:49.691 SPC_init entry=67, type=9, mixfreq=0, mixchans=0, flags=24, name=Digital Output (AMD High Definition Audio Device)[Input][Loopback] [BASS_WASAPI_TYPE_HDMI]
13:33:49.694 SPC_init entry=68, type=9, mixfreq=0, mixchans=0, flags=0, name=Digital Output (3- AMD High Definition Audio Device) [BASS_WASAPI_TYPE_HDMI]
13:33:49.696 SPC_init entry=69, type=9, mixfreq=0, mixchans=0, flags=24, name=Digital Output (3- AMD High Definition Audio Device)[Input][Loopback] [BASS_WASAPI_TYPE_HDMI]
13:33:49.699 SPC_init entry=70, type=9, mixfreq=0, mixchans=0, flags=0, name=Digital Audio (HDMI) (High Definition Audio Device) [BASS_WASAPI_TYPE_HDMI]
13:33:49.701 SPC_init entry=71, type=9, mixfreq=0, mixchans=0, flags=24, name=Digital Audio (HDMI) (High Definition Audio Device)[Input][Loopback] [BASS_WASAPI_TYPE_HDMI]
13:33:49.704 SPC_init entry=72, type=10, mixfreq=0, mixchans=0, flags=0, name=Internal AUX Jack (High Definition Audio Device) [BASS_WASAPI_TYPE_UNKNOWN]
13:33:49.706 SPC_init entry=73, type=10, mixfreq=0, mixchans=0, flags=24, name=Internal AUX Jack (High Definition Audio Device)[Input][Loopback] [BASS_WASAPI_TYPE_UNKNOWN]
13:33:49.709 SPC_init entry=74, type=1, mixfreq=0, mixchans=0, flags=0, name=Speakers (High Definition Audio Device) [BASS_WASAPI_TYPE_SPEAKERS]
13:33:49.711 SPC_init entry=75, type=1, mixfreq=0, mixchans=0, flags=24, name=Speakers (High Definition Audio Device)[Input][Loopback] [BASS_WASAPI_TYPE_SPEAKERS]
13:33:49.713 SPC_init entry=76, type=2, mixfreq=0, mixchans=0, flags=16, name=MIDI (Intel WiDi Audio Device)[Input] [BASS_WASAPI_TYPE_LINELEVEL]
13:33:49.716 SPC_init entry=77, type=10, mixfreq=0, mixchans=0, flags=16, name=Internal AUX Jack (High Definition Audio Device)[Input] [BASS_WASAPI_TYPE_UNKNOWN]
13:33:49.718 SPC_init entry=78, type=10, mixfreq=0, mixchans=0, flags=16, name=Internal AUX Jack (3- AMD High Definition Audio Device)[Input] [BASS_WASAPI_TYPE_UNKNOWN]
13:33:49.720 SPC_init entry=79, type=10, mixfreq=0, mixchans=0, flags=16, name=Internal AUX Jack (2- AMD High Definition Audio Device)[Input] [BASS_WASAPI_TYPE_UNKNOWN]
13:33:49.723 SPC_init entry=80, type=10, mixfreq=0, mixchans=0, flags=16, name=Internal AUX Jack (High Definition Audio Device)[Input] [BASS_WASAPI_TYPE_UNKNOWN]
13:33:49.725 SPC_init entry=81, type=10, mixfreq=0, mixchans=0, flags=16, name=Internal AUX Jack (2- AMD High Definition Audio Device)[Input] [BASS_WASAPI_TYPE_UNKNOWN]
13:33:49.728 SPC_init entry=82, type=10, mixfreq=0, mixchans=0, flags=16, name=Internal AUX Jack (High Definition Audio Device)[Input] [BASS_WASAPI_TYPE_UNKNOWN]
13:33:49.730 SPC_init entry=83, type=10, mixfreq=0, mixchans=0, flags=16, name=Internal AUX Jack (3- AMD High Definition Audio Device)[Input] [BASS_WASAPI_TYPE_UNKNOWN]
13:33:49.733 SPC_init entry=84, type=10, mixfreq=0, mixchans=0, flags=16, name=Internal AUX Jack (2- AMD High Definition Audio Device)[Input] [BASS_WASAPI_TYPE_UNKNOWN]
13:33:49.735 SPC_init entry=85, type=2, mixfreq=0, mixchans=0, flags=16, name=MIDI (2- Intel WiDi Audio Device)[Input] [BASS_WASAPI_TYPE_LINELEVEL]
13:33:49.738 SPC_init entry=86, type=10, mixfreq=0, mixchans=0, flags=16, name=Internal AUX Jack (High Definition Audio Device)[Input] [BASS_WASAPI_TYPE_UNKNOWN]
13:33:49.740 SPC_init entry=87, type=8, mixfreq=0, mixchans=0, flags=16, name=Digital Audio (S/PDIF) (High Definition Audio Device)[Input] [BASS_WASAPI_TYPE_SPDIF]
13:33:49.743 SPC_init entry=88, type=4, mixfreq=0, mixchans=0, flags=16, name=Microphone (High Definition Audio Device)[Input] [BASS_WASAPI_TYPE_MICROPHONE]
13:33:49.745 SPC_init entry=89, type=10, mixfreq=0, mixchans=0, flags=16, name=Internal AUX Jack (High Definition Audio Device)[Input] [BASS_WASAPI_TYPE_UNKNOWN]
13:33:49.748 SPC_init entry=90, type=10, mixfreq=0, mixchans=0, flags=16, name=Internal AUX Jack (MIDI function)[Input] [BASS_WASAPI_TYPE_UNKNOWN]
13:33:49.750 SPC_init entry=91, type=2, mixfreq=0, mixchans=0, flags=16, name=Line In (VIA HD Audio(Win8))[Input] [BASS_WASAPI_TYPE_LINELEVEL]
13:33:49.753 SPC_init entry=92, type=10, mixfreq=0, mixchans=0, flags=16, name=Internal AUX Jack (3- AMD High Definition Audio Device)[Input] [BASS_WASAPI_TYPE_UNKNOWN]
13:33:49.755 SPC_init entry=93, type=8, mixfreq=0, mixchans=0, flags=16, name=SPDIF Interface (VIA HD Audio(Win8))[Input] [BASS_WASAPI_TYPE_SPDIF]
13:33:49.758 SPC_init entry=94, type=10, mixfreq=0, mixchans=0, flags=16, name=Internal AUX Jack (2- AMD High Definition Audio Device)[Input] [BASS_WASAPI_TYPE_UNKNOWN]
13:33:49.760 SPC_init entry=95, type=2, mixfreq=0, mixchans=0, flags=16, name=Line In (High Definition Audio Device)[Input] [BASS_WASAPI_TYPE_LINELEVEL]
13:33:49.763 SPC_init entry=96, type=4, mixfreq=0, mixchans=0, flags=16, name=Microphone (VIA HD Audio(Win8))[Input] [BASS_WASAPI_TYPE_MICROPHONE]
13:33:49.765 SPC_init entry=97, type=10, mixfreq=0, mixchans=0, flags=16, name=Internal AUX Jack (AMD High Definition Audio Device)[Input] [BASS_WASAPI_TYPE_UNKNOWN]
13:33:49.767 SPC_init entry=98, type=10, mixfreq=0, mixchans=0, flags=16, name=Internal AUX Jack (AMD High Definition Audio Device)[Input] [BASS_WASAPI_TYPE_UNKNOWN]
13:33:49.770 SPC_init entry=99, type=10, mixfreq=0, mixchans=0, flags=16, name=Internal AUX Jack (AMD High Definition Audio Device)[Input] [BASS_WASAPI_TYPE_UNKNOWN]
13:33:49.772 SPC_init entry=100, type=2, mixfreq=0, mixchans=0, flags=16, name=Stereo Mix (VIA HD Audio(Win8))[Input] [BASS_WASAPI_TYPE_LINELEVEL]
13:33:49.775 SPC_init entry=101, type=10, mixfreq=0, mixchans=0, flags=16, name=Internal AUX Jack (High Definition Audio Device)[Input] [BASS_WASAPI_TYPE_UNKNOWN]
13:33:49.777 SPC_init entry=102, type=2, mixfreq=0, mixchans=0, flags=16, name=MIDI (2- Intel WiDi Audio Device)[Input] [BASS_WASAPI_TYPE_LINELEVEL]
13:33:49.779 SPC_init entry=103, type=2, mixfreq=0, mixchans=0, flags=16, name=MIDI (Intel WiDi Audio Device)[Input] [BASS_WASAPI_TYPE_LINELEVEL]
13:33:49.782 SPC_init entry=104, type=8, mixfreq=0, mixchans=0, flags=16, name=SPDIF Interface (2- Intel WiDi Audio Device)[Input] [BASS_WASAPI_TYPE_SPDIF]
13:33:49.784 SPC_init entry=105, type=8, mixfreq=0, mixchans=0, flags=16, name=SPDIF Interface (Intel WiDi Audio Device)[Input] [BASS_WASAPI_TYPE_SPDIF]
13:33:49.787 SPC_init entry=106, type=10, mixfreq=0, mixchans=0, flags=16, name=Internal AUX Jack (AMD High Definition Audio Device)[Input] [BASS_WASAPI_TYPE_UNKNOWN]
13:33:49.789 SPC_init entry=107, type=10, mixfreq=0, mixchans=0, flags=16, name=Internal AUX Jack (2- AMD High Definition Audio Device)[Input] [BASS_WASAPI_TYPE_UNKNOWN]
13:33:49.791 SPC_init entry=108, type=10, mixfreq=0, mixchans=0, flags=16, name=Internal AUX Jack (High Definition Audio Device)[Input] [BASS_WASAPI_TYPE_UNKNOWN]
13:33:49.794 SPC_init entry=109, type=10, mixfreq=0, mixchans=0, flags=16, name=Internal AUX Jack (3- AMD High Definition Audio Device)[Input] [BASS_WASAPI_TYPE_UNKNOWN]
13:33:49.796 SPC_init entry=110, type=10, mixfreq=0, mixchans=0, flags=16, name=Internal AUX Jack (AMD High Definition Audio Device)[Input] [BASS_WASAPI_TYPE_UNKNOWN]
13:33:49.799 SPC_init entry=111, type=10, mixfreq=0, mixchans=0, flags=16, name=Internal AUX Jack (High Definition Audio Device)[Input] [BASS_WASAPI_TYPE_UNKNOWN]
13:33:49.801 SPC_init entry=112, type=10, mixfreq=0, mixchans=0, flags=16, name=Internal AUX Jack (AMD High Definition Audio Device)[Input] [BASS_WASAPI_TYPE_UNKNOWN]
13:33:49.803 SPC_init entry=113, type=4, mixfreq=0, mixchans=0, flags=16, name=Microphone (High Definition Audio Device)[Input] [BASS_WASAPI_TYPE_MICROPHONE]
13:33:49.806 SPC_init entry=114, type=10, mixfreq=0, mixchans=0, flags=16, name=Internal AUX Jack (2- AMD High Definition Audio Device)[Input] [BASS_WASAPI_TYPE_UNKNOWN]
13:33:49.808 SPC_init entry=115, type=10, mixfreq=0, mixchans=0, flags=16, name=Internal AUX Jack (3- AMD High Definition Audio Device)[Input] [BASS_WASAPI_TYPE_UNKNOWN]
13:33:49.810 SPC_init entry=116, type=10, mixfreq=0, mixchans=0, flags=16, name=Internal AUX Jack (3- AMD High Definition Audio Device)[Input] [BASS_WASAPI_TYPE_UNKNOWN]
13:33:49.810 SPC_init Chosen audio device is 13
*********************************************************************
Spectrum LCDSmartie Plugin by Dave Perrow 8th March 2012
SPC plugin version 1.2.231.1268
Log file Closed at 12/01/22 13:33:55
*********************************************************************
